<?xml version="1.0" encoding="UTF-8"?>
<testsuite xmlns:xsi="http://www.w3.org/2001/XMLSchema-instance" xsi:noNamespaceSchemaLocation="https://maven.apache.org/surefire/maven-surefire-plugin/xsd/surefire-test-report-3.0.xsd" version="3.0" name="CalculatriceTest" time="0.133" tests="5" errors="0" skipped="0" failures="0">
  <properties>
[...]
</properties>
  <testcase name="testSoustraction" classname="CalculatriceTest" time="0.062"/>
  <testcase name="testMultiplication" classname="CalculatriceTest" time="0.003"/>
  <testcase name="testAddition" classname="CalculatriceTest" time="0.003"/>
  <testcase name="testDivisionParZero" classname="CalculatriceTest" time="0.002"/>
  <testcase name="testDivision" classname="CalculatriceTest" time="0.002"/>
</testsuite>